\\mac\home\desktop\project3\project3\ipubliser\x64\debug\publisher.pdb
\\mac\home\desktop\project3\project3\ipubliser\x64\debug\publisher.idb
\\mac\home\desktop\project3\project3\ipubliser\x64\debug\publisher.obj
\\mac\home\desktop\project3\project3\ipubliser\x64\debug\toker.obj
\\mac\home\desktop\project3\project3\ipubliser\x64\debug\semi.obj
\\mac\home\desktop\project3\project3\ipubliser\x64\debug\parser.obj
\\mac\home\desktop\project3\project3\ipubliser\x64\debug\configureparser.obj
\\mac\home\desktop\project3\project3\ipubliser\x64\debug\actionsandrules.obj
\\mac\home\desktop\project3\project3\ipubliser\x64\debug\logger.obj
\\mac\home\desktop\project3\project3\ipubliser\x64\debug\grammarhelpers.obj
\\mac\home\desktop\project3\project3\ipubliser\x64\debug\filesystem.obj
\\mac\home\desktop\project3\project3\ipubliser\x64\debug\dependencytable.obj
\\mac\home\desktop\project3\project3\ipubliser\x64\debug\properties.obj
\\mac\home\desktop\project3\project3\ipubliser\x64\debug\converter.obj
\\mac\home\desktop\project3\project3\ipubliser\x64\debug\abstrsyntree.obj
\\mac\home\desktop\project3\project3\x64\debug\publisher.lib
c:\users\hk\desktop\project4\ipubliser\x64\debug\publisher.tlog\cl.command.1.tlog
c:\users\hk\desktop\project4\ipubliser\x64\debug\publisher.tlog\cl.read.1.tlog
c:\users\hk\desktop\project4\ipubliser\x64\debug\publisher.tlog\cl.write.1.tlog
c:\users\hk\desktop\project4\ipubliser\x64\debug\publisher.tlog\lib-link.read.1.tlog
c:\users\hk\desktop\project4\ipubliser\x64\debug\publisher.tlog\lib-link.write.1.tlog
c:\users\hk\desktop\project4\ipubliser\x64\debug\publisher.tlog\lib.command.1.tlog
