\\mac\home\desktop\project3\project3\parser\x64\debug\parser.pdb
\\mac\home\desktop\project3\project3\parser\x64\debug\parser.idb
\\mac\home\desktop\project3\project3\parser\x64\debug\parser.obj
\\mac\home\desktop\project3\project3\parser\x64\debug\configureparser.obj
\\mac\home\desktop\project3\project3\parser\x64\debug\actionsandrules.obj
\\mac\home\desktop\project3\project3\parser\x64\debug\utilities.obj
\\mac\home\desktop\project3\project3\parser\x64\debug\toker.obj
\\mac\home\desktop\project3\project3\parser\x64\debug\semi.obj
\\mac\home\desktop\project3\project3\parser\x64\debug\scopestack.obj
\\mac\home\desktop\project3\project3\parser\x64\debug\logger.obj
\\mac\home\desktop\project3\project3\parser\x64\debug\grammarhelpers.obj
\\mac\home\desktop\project3\project3\parser\x64\debug\filesystem.obj
\\mac\home\desktop\project3\project3\parser\x64\debug\abstrsyntree.obj
\\mac\home\desktop\project3\project3\x64\debug\parser.lib
c:\users\hk\desktop\project4\parser\x64\debug\parser.tlog\cl.command.1.tlog
c:\users\hk\desktop\project4\parser\x64\debug\parser.tlog\cl.read.1.tlog
c:\users\hk\desktop\project4\parser\x64\debug\parser.tlog\cl.write.1.tlog
c:\users\hk\desktop\project4\parser\x64\debug\parser.tlog\lib-link.read.1.tlog
c:\users\hk\desktop\project4\parser\x64\debug\parser.tlog\lib-link.write.1.tlog
c:\users\hk\desktop\project4\parser\x64\debug\parser.tlog\lib.command.1.tlog
