\\mac\home\desktop\备份1\project3\converter\debug\converter.pdb
\\mac\home\desktop\备份1\project3\converter\debug\converter.idb
\\mac\home\desktop\备份1\project3\converter\debug\converter.obj
\\mac\home\desktop\备份1\project3\converter\debug\toker.obj
\\mac\home\desktop\备份1\project3\converter\debug\semi.obj
\\mac\home\desktop\备份1\project3\converter\debug\parser.obj
\\mac\home\desktop\备份1\project3\converter\debug\configureparser.obj
\\mac\home\desktop\备份1\project3\converter\debug\actionsandrules.obj
\\mac\home\desktop\备份1\project3\converter\debug\logger.obj
\\mac\home\desktop\备份1\project3\converter\debug\grammarhelpers.obj
\\mac\home\desktop\备份1\project3\converter\debug\filesystem.obj
\\mac\home\desktop\备份1\project3\converter\debug\dependencytable.obj
\\mac\home\desktop\备份1\project3\converter\debug\abstrsyntree.obj
\\mac\home\desktop\project4\project4\converter\debug\converter.pdb
\\mac\home\desktop\project4\project4\converter\debug\converter.idb
\\mac\home\desktop\project4\project4\converter\debug\converter.obj
\\mac\home\desktop\project4\project4\converter\debug\toker.obj
\\mac\home\desktop\project4\project4\converter\debug\semi.obj
\\mac\home\desktop\project4\project4\converter\debug\parser.obj
\\mac\home\desktop\project4\project4\converter\debug\configureparser.obj
\\mac\home\desktop\project4\project4\converter\debug\actionsandrules.obj
\\mac\home\desktop\project4\project4\converter\debug\logger.obj
\\mac\home\desktop\project4\project4\converter\debug\grammarhelpers.obj
\\mac\home\desktop\project4\project4\converter\debug\filesystem.obj
\\mac\home\desktop\project4\project4\converter\debug\dependencytable.obj
\\mac\home\desktop\project4\project4\converter\debug\abstrsyntree.obj
\\mac\home\desktop\备份1\project3\debug\converter.lib
\\mac\home\desktop\project4\project4\debug\converter.lib
c:\users\hk\desktop\project4\converter\debug\converter.tlog\cl.command.1.tlog
c:\users\hk\desktop\project4\converter\debug\converter.tlog\cl.read.1.tlog
c:\users\hk\desktop\project4\converter\debug\converter.tlog\cl.write.1.tlog
c:\users\hk\desktop\project4\converter\debug\converter.tlog\lib-link.read.1.tlog
c:\users\hk\desktop\project4\converter\debug\converter.tlog\lib-link.write.1.tlog
c:\users\hk\desktop\project4\converter\debug\converter.tlog\lib.command.1.tlog
