c:\users\hk\desktop\project4\ipubliser\debug\publisher.pdb
c:\users\hk\desktop\project4\ipubliser\debug\publisher.idb
c:\users\hk\desktop\project4\ipubliser\debug\publisher.obj
c:\users\hk\desktop\project4\ipubliser\debug\toker.obj
c:\users\hk\desktop\project4\ipubliser\debug\semi.obj
c:\users\hk\desktop\project4\ipubliser\debug\parser.obj
c:\users\hk\desktop\project4\ipubliser\debug\configureparser.obj
c:\users\hk\desktop\project4\ipubliser\debug\actionsandrules.obj
c:\users\hk\desktop\project4\ipubliser\debug\logger.obj
c:\users\hk\desktop\project4\ipubliser\debug\grammarhelpers.obj
c:\users\hk\desktop\project4\ipubliser\debug\filesystem.obj
c:\users\hk\desktop\project4\ipubliser\debug\dependencytable.obj
c:\users\hk\desktop\project4\ipubliser\debug\properties.obj
c:\users\hk\desktop\project4\ipubliser\debug\converter.obj
c:\users\hk\desktop\project4\ipubliser\debug\abstrsyntree.obj
c:\users\hk\desktop\project4\debug\publisher.lib
c:\users\hk\desktop\project4\ipubliser\debug\publisher.tlog\cl.command.1.tlog
c:\users\hk\desktop\project4\ipubliser\debug\publisher.tlog\cl.read.1.tlog
c:\users\hk\desktop\project4\ipubliser\debug\publisher.tlog\cl.write.1.tlog
c:\users\hk\desktop\project4\ipubliser\debug\publisher.tlog\lib-link.read.1.tlog
c:\users\hk\desktop\project4\ipubliser\debug\publisher.tlog\lib-link.write.1.tlog
c:\users\hk\desktop\project4\ipubliser\debug\publisher.tlog\lib.command.1.tlog
